2025/04/22 02:21:34 [notice] 8#8: using the "epoll" event method
2025/04/22 02:21:34 [notice] 8#8: nginx/1.25.5
2025/04/22 02:21:34 [notice] 8#8: built by gcc 13.2.1 20231014 (Alpine 13.2.1_git20231014) 
2025/04/22 02:21:34 [notice] 8#8: OS: Linux 5.15.167.4-microsoft-standard-WSL2
2025/04/22 02:21:34 [notice] 8#8: getrlimit(RLIMIT_NOFILE): 1048576:1048576
2025/04/22 02:21:34 [notice] 8#8: start worker processes
2025/04/22 02:21:34 [notice] 8#8: start worker process 9
2025/04/22 02:21:34 [notice] 8#8: start worker process 10
2025/04/22 02:21:34 [notice] 8#8: start worker process 11
2025/04/22 02:21:34 [notice] 8#8: start worker process 12
2025/04/22 02:21:34 [notice] 8#8: start worker process 13
2025/04/22 02:21:34 [notice] 8#8: start worker process 14
2025/04/22 02:21:34 [notice] 8#8: start worker process 15
2025/04/22 02:21:34 [notice] 8#8: start worker process 16
2025/04/22 03:17:39 [notice] 8#8: using the "epoll" event method
2025/04/22 03:17:39 [notice] 8#8: nginx/1.25.5
2025/04/22 03:17:39 [notice] 8#8: built by gcc 13.2.1 20231014 (Alpine 13.2.1_git20231014) 
2025/04/22 03:17:39 [notice] 8#8: OS: Linux 5.15.167.4-microsoft-standard-WSL2
2025/04/22 03:17:39 [notice] 8#8: getrlimit(RLIMIT_NOFILE): 1048576:1048576
2025/04/22 03:17:39 [notice] 8#8: start worker processes
2025/04/22 03:17:39 [notice] 8#8: start worker process 9
2025/04/22 03:17:39 [notice] 8#8: start worker process 10
2025/04/22 03:17:39 [notice] 8#8: start worker process 11
2025/04/22 03:17:39 [notice] 8#8: start worker process 12
2025/04/22 03:17:39 [notice] 8#8: start worker process 13
2025/04/22 03:17:39 [notice] 8#8: start worker process 14
2025/04/22 03:17:39 [notice] 8#8: start worker process 15
2025/04/22 03:17:39 [notice] 8#8: start worker process 16
2025/04/22 05:06:33 [notice] 8#8: using the "epoll" event method
2025/04/22 05:06:33 [notice] 8#8: nginx/1.25.5
2025/04/22 05:06:33 [notice] 8#8: built by gcc 13.2.1 20231014 (Alpine 13.2.1_git20231014) 
2025/04/22 05:06:33 [notice] 8#8: OS: Linux 5.15.167.4-microsoft-standard-WSL2
2025/04/22 05:06:33 [notice] 8#8: getrlimit(RLIMIT_NOFILE): 1048576:1048576
2025/04/22 05:06:33 [notice] 8#8: start worker processes
2025/04/22 05:06:33 [notice] 8#8: start worker process 9
2025/04/22 05:06:33 [notice] 8#8: start worker process 10
2025/04/22 05:06:33 [notice] 8#8: start worker process 11
2025/04/22 05:06:33 [notice] 8#8: start worker process 12
2025/04/22 05:06:33 [notice] 8#8: start worker process 13
2025/04/22 05:06:33 [notice] 8#8: start worker process 14
2025/04/22 05:06:33 [notice] 8#8: start worker process 15
2025/04/22 05:06:33 [notice] 8#8: start worker process 16
2025/04/22 05:11:38 [notice] 8#8: using the "epoll" event method
2025/04/22 05:11:38 [notice] 8#8: nginx/1.25.5
2025/04/22 05:11:38 [notice] 8#8: built by gcc 13.2.1 20231014 (Alpine 13.2.1_git20231014) 
2025/04/22 05:11:38 [notice] 8#8: OS: Linux 5.15.167.4-microsoft-standard-WSL2
2025/04/22 05:11:38 [notice] 8#8: getrlimit(RLIMIT_NOFILE): 1048576:1048576
2025/04/22 05:11:38 [notice] 8#8: start worker processes
2025/04/22 05:11:38 [notice] 8#8: start worker process 9
2025/04/22 05:11:38 [notice] 8#8: start worker process 10
2025/04/22 05:11:38 [notice] 8#8: start worker process 11
2025/04/22 05:11:38 [notice] 8#8: start worker process 12
2025/04/22 05:11:38 [notice] 8#8: start worker process 13
2025/04/22 05:11:38 [notice] 8#8: start worker process 14
2025/04/22 05:11:38 [notice] 8#8: start worker process 15
2025/04/22 05:11:38 [notice] 8#8: start worker process 16
2025/04/22 12:36:18 [notice] 8#8: using the "epoll" event method
2025/04/22 12:36:18 [notice] 8#8: nginx/1.25.5
2025/04/22 12:36:18 [notice] 8#8: built by gcc 13.2.1 20231014 (Alpine 13.2.1_git20231014) 
2025/04/22 12:36:18 [notice] 8#8: OS: Linux 5.15.167.4-microsoft-standard-WSL2
2025/04/22 12:36:18 [notice] 8#8: getrlimit(RLIMIT_NOFILE): 1048576:1048576
2025/04/22 12:36:18 [notice] 8#8: start worker processes
2025/04/22 12:36:18 [notice] 8#8: start worker process 9
2025/04/22 12:36:18 [notice] 8#8: start worker process 10
2025/04/22 12:36:18 [notice] 8#8: start worker process 11
2025/04/22 12:36:18 [notice] 8#8: start worker process 12
2025/04/22 12:36:18 [notice] 8#8: start worker process 13
2025/04/22 12:36:18 [notice] 8#8: start worker process 14
2025/04/22 12:36:18 [notice] 8#8: start worker process 15
2025/04/22 12:36:18 [notice] 8#8: start worker process 16
2025/04/23 12:14:44 [notice] 8#8: using the "epoll" event method
2025/04/23 12:14:44 [notice] 8#8: nginx/1.25.5
2025/04/23 12:14:44 [notice] 8#8: built by gcc 13.2.1 20231014 (Alpine 13.2.1_git20231014) 
2025/04/23 12:14:44 [notice] 8#8: OS: Linux 5.15.167.4-microsoft-standard-WSL2
2025/04/23 12:14:44 [notice] 8#8: getrlimit(RLIMIT_NOFILE): 1048576:1048576
2025/04/23 12:14:44 [notice] 8#8: start worker processes
2025/04/23 12:14:44 [notice] 8#8: start worker process 9
2025/04/23 12:14:44 [notice] 8#8: start worker process 10
2025/04/23 12:14:44 [notice] 8#8: start worker process 11
2025/04/23 12:14:44 [notice] 8#8: start worker process 12
2025/04/23 12:14:44 [notice] 8#8: start worker process 13
2025/04/23 12:14:44 [notice] 8#8: start worker process 14
2025/04/23 12:14:44 [notice] 8#8: start worker process 15
2025/04/23 12:14:44 [notice] 8#8: start worker process 16
2025/04/23 14:08:53 [notice] 9#9: using the "epoll" event method
2025/04/23 14:08:53 [notice] 9#9: nginx/1.25.5
2025/04/23 14:08:53 [notice] 9#9: built by gcc 13.2.1 20231014 (Alpine 13.2.1_git20231014) 
2025/04/23 14:08:53 [notice] 9#9: OS: Linux 5.15.167.4-microsoft-standard-WSL2
2025/04/23 14:08:53 [notice] 9#9: getrlimit(RLIMIT_NOFILE): 1048576:1048576
2025/04/23 14:08:53 [notice] 9#9: start worker processes
2025/04/23 14:08:53 [notice] 9#9: start worker process 10
2025/04/23 14:08:53 [notice] 9#9: start worker process 11
2025/04/23 14:08:53 [notice] 9#9: start worker process 12
2025/04/23 14:08:53 [notice] 9#9: start worker process 13
2025/04/23 14:08:53 [notice] 9#9: start worker process 14
2025/04/23 14:08:53 [notice] 9#9: start worker process 15
2025/04/23 14:08:53 [notice] 9#9: start worker process 16
2025/04/23 14:08:53 [notice] 9#9: start worker process 17
2025/04/23 16:16:37 [notice] 8#8: using the "epoll" event method
2025/04/23 16:16:37 [notice] 8#8: nginx/1.25.5
2025/04/23 16:16:37 [notice] 8#8: built by gcc 13.2.1 20231014 (Alpine 13.2.1_git20231014) 
2025/04/23 16:16:37 [notice] 8#8: OS: Linux 5.15.167.4-microsoft-standard-WSL2
2025/04/23 16:16:37 [notice] 8#8: getrlimit(RLIMIT_NOFILE): 1048576:1048576
2025/04/23 16:16:37 [notice] 8#8: start worker processes
2025/04/23 16:16:37 [notice] 8#8: start worker process 9
2025/04/23 16:16:37 [notice] 8#8: start worker process 10
2025/04/23 16:16:37 [notice] 8#8: start worker process 11
2025/04/23 16:16:37 [notice] 8#8: start worker process 12
2025/04/23 16:16:37 [notice] 8#8: start worker process 13
2025/04/23 16:16:37 [notice] 8#8: start worker process 14
2025/04/23 16:16:37 [notice] 8#8: start worker process 15
2025/04/23 16:16:37 [notice] 8#8: start worker process 16
2025/04/23 16:37:28 [notice] 8#8: using the "epoll" event method
2025/04/23 16:37:28 [notice] 8#8: nginx/1.25.5
2025/04/23 16:37:28 [notice] 8#8: built by gcc 13.2.1 20231014 (Alpine 13.2.1_git20231014) 
2025/04/23 16:37:28 [notice] 8#8: OS: Linux 5.15.167.4-microsoft-standard-WSL2
2025/04/23 16:37:28 [notice] 8#8: getrlimit(RLIMIT_NOFILE): 1048576:1048576
2025/04/23 16:37:28 [notice] 8#8: start worker processes
2025/04/23 16:37:28 [notice] 8#8: start worker process 9
2025/04/23 16:37:28 [notice] 8#8: start worker process 10
2025/04/23 16:37:28 [notice] 8#8: start worker process 11
2025/04/23 16:37:28 [notice] 8#8: start worker process 12
2025/04/23 16:37:28 [notice] 8#8: start worker process 13
2025/04/23 16:37:28 [notice] 8#8: start worker process 14
2025/04/23 16:37:28 [notice] 8#8: start worker process 15
2025/04/23 16:37:28 [notice] 8#8: start worker process 16
2025/04/23 17:14:18 [notice] 8#8: using the "epoll" event method
2025/04/23 17:14:18 [notice] 8#8: nginx/1.25.5
2025/04/23 17:14:18 [notice] 8#8: built by gcc 13.2.1 20231014 (Alpine 13.2.1_git20231014) 
2025/04/23 17:14:18 [notice] 8#8: OS: Linux 5.15.167.4-microsoft-standard-WSL2
2025/04/23 17:14:18 [notice] 8#8: getrlimit(RLIMIT_NOFILE): 1048576:1048576
2025/04/23 17:14:18 [notice] 8#8: start worker processes
2025/04/23 17:14:18 [notice] 8#8: start worker process 9
2025/04/23 17:14:18 [notice] 8#8: start worker process 10
2025/04/23 17:14:18 [notice] 8#8: start worker process 11
2025/04/23 17:14:18 [notice] 8#8: start worker process 12
2025/04/23 17:14:18 [notice] 8#8: start worker process 13
2025/04/23 17:14:18 [notice] 8#8: start worker process 14
2025/04/23 17:14:18 [notice] 8#8: start worker process 15
2025/04/23 17:14:18 [notice] 8#8: start worker process 16
2025/04/25 16:52:52 [notice] 8#8: using the "epoll" event method
2025/04/25 16:52:52 [notice] 8#8: nginx/1.25.5
2025/04/25 16:52:52 [notice] 8#8: built by gcc 13.2.1 20231014 (Alpine 13.2.1_git20231014) 
2025/04/25 16:52:52 [notice] 8#8: OS: Linux 5.15.167.4-microsoft-standard-WSL2
2025/04/25 16:52:52 [notice] 8#8: getrlimit(RLIMIT_NOFILE): 1048576:1048576
2025/04/25 16:52:52 [notice] 8#8: start worker processes
2025/04/25 16:52:52 [notice] 8#8: start worker process 9
2025/04/25 16:52:52 [notice] 8#8: start worker process 10
2025/04/25 16:52:52 [notice] 8#8: start worker process 11
2025/04/25 16:52:52 [notice] 8#8: start worker process 12
2025/04/25 16:52:52 [notice] 8#8: start worker process 13
2025/04/25 16:52:52 [notice] 8#8: start worker process 14
2025/04/25 16:52:52 [notice] 8#8: start worker process 15
2025/04/25 16:52:52 [notice] 8#8: start worker process 16
2025/04/28 22:07:08 [notice] 8#8: using the "epoll" event method
2025/04/28 22:07:08 [notice] 8#8: nginx/1.25.5
2025/04/28 22:07:08 [notice] 8#8: built by gcc 13.2.1 20231014 (Alpine 13.2.1_git20231014) 
2025/04/28 22:07:08 [notice] 8#8: OS: Linux 5.15.167.4-microsoft-standard-WSL2
2025/04/28 22:07:08 [notice] 8#8: getrlimit(RLIMIT_NOFILE): 1048576:1048576
2025/04/28 22:07:08 [notice] 8#8: start worker processes
2025/04/28 22:07:08 [notice] 8#8: start worker process 9
2025/04/28 22:07:08 [notice] 8#8: start worker process 10
2025/04/28 22:07:08 [notice] 8#8: start worker process 11
2025/04/28 22:07:08 [notice] 8#8: start worker process 12
2025/04/28 22:07:08 [notice] 8#8: start worker process 13
2025/04/28 22:07:08 [notice] 8#8: start worker process 14
2025/04/28 22:07:08 [notice] 8#8: start worker process 15
2025/04/28 22:07:08 [notice] 8#8: start worker process 16
2025/04/29 12:50:31 [notice] 8#8: using the "epoll" event method
2025/04/29 12:50:31 [notice] 8#8: nginx/1.25.5
2025/04/29 12:50:31 [notice] 8#8: built by gcc 13.2.1 20231014 (Alpine 13.2.1_git20231014) 
2025/04/29 12:50:31 [notice] 8#8: OS: Linux 5.15.167.4-microsoft-standard-WSL2
2025/04/29 12:50:31 [notice] 8#8: getrlimit(RLIMIT_NOFILE): 1048576:1048576
2025/04/29 12:50:31 [notice] 8#8: start worker processes
2025/04/29 12:50:31 [notice] 8#8: start worker process 9
2025/04/29 12:50:31 [notice] 8#8: start worker process 10
2025/04/29 12:50:31 [notice] 8#8: start worker process 11
2025/04/29 12:50:31 [notice] 8#8: start worker process 12
2025/04/29 12:50:31 [notice] 8#8: start worker process 13
2025/04/29 12:50:31 [notice] 8#8: start worker process 14
2025/04/29 12:50:31 [notice] 8#8: start worker process 15
2025/04/29 12:50:31 [notice] 8#8: start worker process 16
2025/04/30 11:59:08 [notice] 8#8: using the "epoll" event method
2025/04/30 11:59:08 [notice] 8#8: nginx/1.25.5
2025/04/30 11:59:08 [notice] 8#8: built by gcc 13.2.1 20231014 (Alpine 13.2.1_git20231014) 
2025/04/30 11:59:08 [notice] 8#8: OS: Linux 5.15.167.4-microsoft-standard-WSL2
2025/04/30 11:59:08 [notice] 8#8: getrlimit(RLIMIT_NOFILE): 1048576:1048576
2025/04/30 11:59:08 [notice] 8#8: start worker processes
2025/04/30 11:59:08 [notice] 8#8: start worker process 9
2025/04/30 11:59:08 [notice] 8#8: start worker process 10
2025/04/30 11:59:08 [notice] 8#8: start worker process 11
2025/04/30 11:59:08 [notice] 8#8: start worker process 12
2025/04/30 11:59:08 [notice] 8#8: start worker process 13
2025/04/30 11:59:08 [notice] 8#8: start worker process 14
2025/04/30 11:59:08 [notice] 8#8: start worker process 15
2025/04/30 11:59:08 [notice] 8#8: start worker process 16
2025/04/30 15:40:58 [notice] 8#8: using the "epoll" event method
2025/04/30 15:40:58 [notice] 8#8: nginx/1.25.5
2025/04/30 15:40:58 [notice] 8#8: built by gcc 13.2.1 20231014 (Alpine 13.2.1_git20231014) 
2025/04/30 15:40:58 [notice] 8#8: OS: Linux 5.15.167.4-microsoft-standard-WSL2
2025/04/30 15:40:58 [notice] 8#8: getrlimit(RLIMIT_NOFILE): 1048576:1048576
2025/04/30 15:40:58 [notice] 8#8: start worker processes
2025/04/30 15:40:58 [notice] 8#8: start worker process 9
2025/04/30 15:40:58 [notice] 8#8: start worker process 10
2025/04/30 15:40:58 [notice] 8#8: start worker process 11
2025/04/30 15:40:58 [notice] 8#8: start worker process 12
2025/04/30 15:40:58 [notice] 8#8: start worker process 13
2025/04/30 15:40:58 [notice] 8#8: start worker process 14
2025/04/30 15:40:58 [notice] 8#8: start worker process 15
2025/04/30 15:40:58 [notice] 8#8: start worker process 16
2025/04/30 18:56:17 [notice] 8#8: using the "epoll" event method
2025/04/30 18:56:17 [notice] 8#8: nginx/1.25.5
2025/04/30 18:56:17 [notice] 8#8: built by gcc 13.2.1 20231014 (Alpine 13.2.1_git20231014) 
2025/04/30 18:56:17 [notice] 8#8: OS: Linux 5.15.167.4-microsoft-standard-WSL2
2025/04/30 18:56:17 [notice] 8#8: getrlimit(RLIMIT_NOFILE): 1048576:1048576
2025/04/30 18:56:17 [notice] 8#8: start worker processes
2025/04/30 18:56:17 [notice] 8#8: start worker process 9
2025/04/30 18:56:17 [notice] 8#8: start worker process 10
2025/04/30 18:56:17 [notice] 8#8: start worker process 11
2025/04/30 18:56:17 [notice] 8#8: start worker process 12
2025/04/30 18:56:17 [notice] 8#8: start worker process 13
2025/04/30 18:56:17 [notice] 8#8: start worker process 14
2025/04/30 18:56:17 [notice] 8#8: start worker process 15
2025/04/30 18:56:17 [notice] 8#8: start worker process 16
2025/04/30 20:11:53 [notice] 8#8: using the "epoll" event method
2025/04/30 20:11:53 [notice] 8#8: nginx/1.25.5
2025/04/30 20:11:53 [notice] 8#8: built by gcc 13.2.1 20231014 (Alpine 13.2.1_git20231014) 
2025/04/30 20:11:53 [notice] 8#8: OS: Linux 5.15.167.4-microsoft-standard-WSL2
2025/04/30 20:11:53 [notice] 8#8: getrlimit(RLIMIT_NOFILE): 1048576:1048576
2025/04/30 20:11:53 [notice] 8#8: start worker processes
2025/04/30 20:11:53 [notice] 8#8: start worker process 9
2025/04/30 20:11:53 [notice] 8#8: start worker process 10
2025/04/30 20:11:53 [notice] 8#8: start worker process 11
2025/04/30 20:11:53 [notice] 8#8: start worker process 12
2025/04/30 20:11:53 [notice] 8#8: start worker process 13
2025/04/30 20:11:53 [notice] 8#8: start worker process 14
2025/04/30 20:11:53 [notice] 8#8: start worker process 15
2025/04/30 20:11:53 [notice] 8#8: start worker process 16
2025/05/02 21:33:54 [notice] 9#9: using the "epoll" event method
2025/05/02 21:33:54 [notice] 9#9: nginx/1.25.5
2025/05/02 21:33:54 [notice] 9#9: built by gcc 13.2.1 20231014 (Alpine 13.2.1_git20231014) 
2025/05/02 21:33:54 [notice] 9#9: OS: Linux 5.15.167.4-microsoft-standard-WSL2
2025/05/02 21:33:54 [notice] 9#9: getrlimit(RLIMIT_NOFILE): 1048576:1048576
2025/05/02 21:33:54 [notice] 9#9: start worker processes
2025/05/02 21:33:54 [notice] 9#9: start worker process 10
2025/05/02 21:33:54 [notice] 9#9: start worker process 11
2025/05/02 21:33:54 [notice] 9#9: start worker process 12
2025/05/02 21:33:54 [notice] 9#9: start worker process 13
2025/05/02 21:33:54 [notice] 9#9: start worker process 14
2025/05/02 21:33:54 [notice] 9#9: start worker process 15
2025/05/02 21:33:54 [notice] 9#9: start worker process 16
2025/05/02 21:33:54 [notice] 9#9: start worker process 17
2025/05/03 01:34:25 [notice] 8#8: using the "epoll" event method
2025/05/03 01:34:25 [notice] 8#8: nginx/1.25.5
2025/05/03 01:34:25 [notice] 8#8: built by gcc 13.2.1 20231014 (Alpine 13.2.1_git20231014) 
2025/05/03 01:34:25 [notice] 8#8: OS: Linux 5.15.167.4-microsoft-standard-WSL2
2025/05/03 01:34:25 [notice] 8#8: getrlimit(RLIMIT_NOFILE): 1048576:1048576
2025/05/03 01:34:25 [notice] 8#8: start worker processes
2025/05/03 01:34:25 [notice] 8#8: start worker process 9
2025/05/03 01:34:25 [notice] 8#8: start worker process 10
2025/05/03 01:34:25 [notice] 8#8: start worker process 11
2025/05/03 01:34:25 [notice] 8#8: start worker process 12
2025/05/03 01:34:25 [notice] 8#8: start worker process 13
2025/05/03 01:34:25 [notice] 8#8: start worker process 14
2025/05/03 01:34:25 [notice] 8#8: start worker process 15
2025/05/03 01:34:25 [notice] 8#8: start worker process 16
2025/05/19 00:36:30 [notice] 9#9: using the "epoll" event method
2025/05/19 00:36:30 [notice] 9#9: nginx/1.25.5
2025/05/19 00:36:30 [notice] 9#9: built by gcc 13.2.1 20231014 (Alpine 13.2.1_git20231014) 
2025/05/19 00:36:30 [notice] 9#9: OS: Linux 5.15.167.4-microsoft-standard-WSL2
2025/05/19 00:36:30 [notice] 9#9: getrlimit(RLIMIT_NOFILE): 1048576:1048576
2025/05/19 00:36:30 [notice] 9#9: start worker processes
2025/05/19 00:36:30 [notice] 9#9: start worker process 10
2025/05/19 00:36:30 [notice] 9#9: start worker process 11
2025/05/19 00:36:30 [notice] 9#9: start worker process 12
2025/05/19 00:36:30 [notice] 9#9: start worker process 13
2025/05/19 00:36:30 [notice] 9#9: start worker process 14
2025/05/19 00:36:30 [notice] 9#9: start worker process 15
2025/05/19 00:36:30 [notice] 9#9: start worker process 16
2025/05/19 00:36:30 [notice] 9#9: start worker process 17
